[ 2015-01-18T14:51:16+08:00 ] 127.0.0.1 /likevery/images/heping.png
INFO: [ app_init ] --START--
INFO: Run Behavior\BuildLiteBehavior [ RunTime:0.000000s ]
INFO: [ app_init ] --END-- [ RunTime:0.028003s ]
ERR: 无法加载模块:Images

[ 2015-01-18T14:51:17+08:00 ] 127.0.0.1 /likevery/images/logos/liebao.png
INFO: [ app_init ] --START--
INFO: Run Behavior\BuildLiteBehavior [ RunTime:0.000000s ]
INFO: [ app_init ] --END-- [ RunTime:0.001000s ]
ERR: 无法加载模块:Images

[ 2015-01-18T14:51:17+08:00 ] 127.0.0.1 /likevery/images/rd.png
INFO: [ app_init ] --START--
INFO: Run Behavior\BuildLiteBehavior [ RunTime:0.000000s ]
INFO: [ app_init ] --END-- [ RunTime:0.001000s ]
ERR: 无法加载模块:Images

[ 2015-01-18T14:51:17+08:00 ] 127.0.0.1 /likevery/images/logos/sina.png
INFO: [ app_init ] --START--
INFO: Run Behavior\BuildLiteBehavior [ RunTime:0.001001s ]
INFO: [ app_init ] --END-- [ RunTime:0.001001s ]
ERR: 无法加载模块:Images

